[1.059s] Invoking command in '/home/robot/Franka_hand_tracking/src/handcv': AMENT_PREFIX_PATH=/home/robot/Franka_hand_tracking/install/hand_interfaces:${AMENT_PREFIX_PATH} CMAKE_PREFIX_PATH=/home/robot/Franka_hand_tracking/install/hand_interfaces:${CMAKE_PREFIX_PATH} LD_LIBRARY_PATH=/home/robot/Franka_hand_tracking/install/hand_interfaces/lib:${LD_LIBRARY_PATH} PYTHONPATH=/home/robot/Franka_hand_tracking/build/handcv/prefix_override:/usr/lib/python3/dist-packages/colcon_core/task/python/colcon_distutils_commands:/home/robot/Franka_hand_tracking/install/handcv/lib/python3.10/site-packages:/home/robot/Franka_hand_tracking/install/hand_interfaces/local/lib/python3.10/dist-packages:${PYTHONPATH} /usr/bin/python3 -W ignore:setup.py install is deprecated -W ignore:easy_install command is deprecated setup.py egg_info --egg-base ../../build/handcv build --build-base /home/robot/Franka_hand_tracking/build/handcv/build install --record /home/robot/Franka_hand_tracking/build/handcv/install.log --single-version-externally-managed install_data
[1.336s] running egg_info
[1.336s] creating ../../build/handcv/handcv.egg-info
[1.336s] writing ../../build/handcv/handcv.egg-info/PKG-INFO
[1.337s] writing dependency_links to ../../build/handcv/handcv.egg-info/dependency_links.txt
[1.337s] writing entry points to ../../build/handcv/handcv.egg-info/entry_points.txt
[1.337s] writing requirements to ../../build/handcv/handcv.egg-info/requires.txt
[1.337s] writing top-level names to ../../build/handcv/handcv.egg-info/top_level.txt
[1.337s] writing manifest file '../../build/handcv/handcv.egg-info/SOURCES.txt'
[1.339s] reading manifest file '../../build/handcv/handcv.egg-info/SOURCES.txt'
[1.339s] writing manifest file '../../build/handcv/handcv.egg-info/SOURCES.txt'
[1.339s] running build
[1.340s] running build_py
[1.340s] creating /home/robot/Franka_hand_tracking/build/handcv/build
[1.340s] creating /home/robot/Franka_hand_tracking/build/handcv/build/lib
[1.340s] creating /home/robot/Franka_hand_tracking/build/handcv/build/lib/handcv
[1.340s] copying handcv/handcv.py -> /home/robot/Franka_hand_tracking/build/handcv/build/lib/handcv
[1.340s] copying handcv/mediapipehelper.py -> /home/robot/Franka_hand_tracking/build/handcv/build/lib/handcv
[1.340s] copying handcv/__init__.py -> /home/robot/Franka_hand_tracking/build/handcv/build/lib/handcv
[1.340s] running install
[1.340s] running install_lib
[1.341s] creating /home/robot/Franka_hand_tracking/install/handcv/lib/python3.10/site-packages/handcv
[1.341s] copying /home/robot/Franka_hand_tracking/build/handcv/build/lib/handcv/handcv.py -> /home/robot/Franka_hand_tracking/install/handcv/lib/python3.10/site-packages/handcv
[1.341s] copying /home/robot/Franka_hand_tracking/build/handcv/build/lib/handcv/mediapipehelper.py -> /home/robot/Franka_hand_tracking/install/handcv/lib/python3.10/site-packages/handcv
[1.341s] copying /home/robot/Franka_hand_tracking/build/handcv/build/lib/handcv/__init__.py -> /home/robot/Franka_hand_tracking/install/handcv/lib/python3.10/site-packages/handcv
[1.342s] byte-compiling /home/robot/Franka_hand_tracking/install/handcv/lib/python3.10/site-packages/handcv/handcv.py to handcv.cpython-310.pyc
[1.343s] byte-compiling /home/robot/Franka_hand_tracking/install/handcv/lib/python3.10/site-packages/handcv/mediapipehelper.py to mediapipehelper.cpython-310.pyc
[1.344s] byte-compiling /home/robot/Franka_hand_tracking/install/handcv/lib/python3.10/site-packages/handcv/__init__.py to __init__.cpython-310.pyc
[1.344s] running install_data
[1.344s] creating /home/robot/Franka_hand_tracking/install/handcv/share/ament_index
[1.345s] creating /home/robot/Franka_hand_tracking/install/handcv/share/ament_index/resource_index
[1.345s] creating /home/robot/Franka_hand_tracking/install/handcv/share/ament_index/resource_index/packages
[1.345s] copying resource/handcv -> /home/robot/Franka_hand_tracking/install/handcv/share/ament_index/resource_index/packages
[1.345s] copying package.xml -> /home/robot/Franka_hand_tracking/install/handcv/share/handcv
[1.345s] creating /home/robot/Franka_hand_tracking/install/handcv/share/handcv/config
[1.345s] copying config/handcv.rviz -> /home/robot/Franka_hand_tracking/install/handcv/share/handcv/config
[1.345s] copying config/hand_landmarker.task -> /home/robot/Franka_hand_tracking/install/handcv/share/handcv/config
[1.350s] copying config/gesture_recognizer.task -> /home/robot/Franka_hand_tracking/install/handcv/share/handcv/config
[1.356s] copying config/high_density_preset.json -> /home/robot/Franka_hand_tracking/install/handcv/share/handcv/config
[1.356s] creating /home/robot/Franka_hand_tracking/install/handcv/share/handcv/launch
[1.356s] copying launch/camera.launch.py -> /home/robot/Franka_hand_tracking/install/handcv/share/handcv/launch
[1.356s] running install_egg_info
[1.357s] Copying ../../build/handcv/handcv.egg-info to /home/robot/Franka_hand_tracking/install/handcv/lib/python3.10/site-packages/handcv-0.0.1-py3.10.egg-info
[1.358s] running install_scripts
[1.378s] Installing handcv script to /home/robot/Franka_hand_tracking/install/handcv/lib/handcv
[1.378s] writing list of installed files to '/home/robot/Franka_hand_tracking/build/handcv/install.log'
[1.398s] Invoked command in '/home/robot/Franka_hand_tracking/src/handcv' returned '0': AMENT_PREFIX_PATH=/home/robot/Franka_hand_tracking/install/hand_interfaces:${AMENT_PREFIX_PATH} CMAKE_PREFIX_PATH=/home/robot/Franka_hand_tracking/install/hand_interfaces:${CMAKE_PREFIX_PATH} LD_LIBRARY_PATH=/home/robot/Franka_hand_tracking/install/hand_interfaces/lib:${LD_LIBRARY_PATH} PYTHONPATH=/home/robot/Franka_hand_tracking/build/handcv/prefix_override:/usr/lib/python3/dist-packages/colcon_core/task/python/colcon_distutils_commands:/home/robot/Franka_hand_tracking/install/handcv/lib/python3.10/site-packages:/home/robot/Franka_hand_tracking/install/hand_interfaces/local/lib/python3.10/dist-packages:${PYTHONPATH} /usr/bin/python3 -W ignore:setup.py install is deprecated -W ignore:easy_install command is deprecated setup.py egg_info --egg-base ../../build/handcv build --build-base /home/robot/Franka_hand_tracking/build/handcv/build install --record /home/robot/Franka_hand_tracking/build/handcv/install.log --single-version-externally-managed install_data
