[0.177s] DEBUG:colcon:Command line arguments: ['/usr/bin/colcon', 'build']
[0.177s] DEBUG:colcon:Parsed command line arguments: Namespace(log_base=None, log_level=None, verb_name='build', build_base='build', install_base='install', merge_install=False, symlink_install=False, test_result_base=None, continue_on_error=False, executor='parallel', parallel_workers=8, event_handlers=None, ignore_user_meta=False, metas=['./colcon.meta'], base_paths=['.'], packages_ignore=None, packages_ignore_regex=None, paths=None, packages_up_to=None, packages_up_to_regex=None, packages_above=None, packages_above_and_dependencies=None, packages_above_depth=None, packages_select_by_dep=None, packages_skip_by_dep=None, packages_skip_up_to=None, packages_select_build_failed=False, packages_skip_build_finished=False, packages_select_test_failures=False, packages_skip_test_passed=False, packages_select=None, packages_skip=None, packages_select_regex=None, packages_skip_regex=None, packages_start=None, packages_end=None, allow_overriding=[], cmake_args=None, cmake_target=None, cmake_target_skip_unavailable=False, cmake_clean_cache=False, cmake_clean_first=False, cmake_force_configure=False, ament_cmake_args=None, catkin_cmake_args=None, catkin_skip_building_tests=False, mixin_files=None, mixin=None, verb_parser=<colcon_mixin.mixin.mixin_argument.MixinArgumentDecorator object at 0x7f5ccb71b610>, verb_extension=<colcon_core.verb.build.BuildVerb object at 0x7f5ccb71af80>, main=<bound method BuildVerb.main of <colcon_core.verb.build.BuildVerb object at 0x7f5ccb71af80>>, mixin_verb=('build',))
[0.504s] Level 1:colcon.colcon_core.package_discovery:discover_packages(colcon_meta) check parameters
[0.504s] Level 1:colcon.colcon_core.package_discovery:discover_packages(recursive) check parameters
[0.504s] Level 1:colcon.colcon_core.package_discovery:discover_packages(ignore) check parameters
[0.504s] Level 1:colcon.colcon_core.package_discovery:discover_packages(path) check parameters
[0.505s] Level 1:colcon.colcon_core.package_discovery:discover_packages(colcon_meta) discover
[0.505s] Level 1:colcon.colcon_core.package_discovery:discover_packages(recursive) discover
[0.505s] INFO:colcon.colcon_core.package_discovery:Crawling recursively for packages in '/home/robot/Franka_hand_tracking'
[0.505s] Level 1:colcon.colcon_core.package_identification:_identify(.) by extensions ['ignore', 'ignore_ament_install']
[0.505s] Level 1:colcon.colcon_core.package_identification:_identify(.) by extension 'ignore'
[0.505s] Level 1:colcon.colcon_core.package_identification:_identify(.) by extension 'ignore_ament_install'
[0.505s] Level 1:colcon.colcon_core.package_identification:_identify(.) by extensions ['colcon_pkg']
[0.505s] Level 1:colcon.colcon_core.package_identification:_identify(.) by extension 'colcon_pkg'
[0.505s] Level 1:colcon.colcon_core.package_identification:_identify(.) by extensions ['colcon_meta']
[0.505s] Level 1:colcon.colcon_core.package_identification:_identify(.) by extension 'colcon_meta'
[0.505s] Level 1:colcon.colcon_core.package_identification:_identify(.) by extensions ['ros']
[0.505s] Level 1:colcon.colcon_core.package_identification:_identify(.) by extension 'ros'
[0.522s] Level 1:colcon.colcon_core.package_identification:_identify(.) by extensions ['cmake', 'python']
[0.522s] Level 1:colcon.colcon_core.package_identification:_identify(.) by extension 'cmake'
[0.522s] Level 1:colcon.colcon_core.package_identification:_identify(.) by extension 'python'
[0.522s] Level 1:colcon.colcon_core.package_identification:_identify(.) by extensions ['python_setup_py']
[0.522s] Level 1:colcon.colcon_core.package_identification:_identify(.) by extension 'python_setup_py'
[0.522s] Level 1:colcon.colcon_core.package_identification:_identify(build) by extensions ['ignore', 'ignore_ament_install']
[0.522s] Level 1:colcon.colcon_core.package_identification:_identify(build) by extension 'ignore'
[0.523s] Level 1:colcon.colcon_core.package_identification:_identify(build) ignored
[0.523s] Level 1:colcon.colcon_core.package_identification:_identify(install) by extensions ['ignore', 'ignore_ament_install']
[0.523s] Level 1:colcon.colcon_core.package_identification:_identify(install) by extension 'ignore'
[0.523s] Level 1:colcon.colcon_core.package_identification:_identify(install) ignored
[0.523s] Level 1:colcon.colcon_core.package_identification:_identify(log) by extensions ['ignore', 'ignore_ament_install']
[0.523s] Level 1:colcon.colcon_core.package_identification:_identify(log) by extension 'ignore'
[0.523s] Level 1:colcon.colcon_core.package_identification:_identify(log) ignored
[0.523s] Level 1:colcon.colcon_core.package_identification:_identify(src) by extensions ['ignore', 'ignore_ament_install']
[0.523s] Level 1:colcon.colcon_core.package_identification:_identify(src) by extension 'ignore'
[0.523s] Level 1:colcon.colcon_core.package_identification:_identify(src) by extension 'ignore_ament_install'
[0.523s] Level 1:colcon.colcon_core.package_identification:_identify(src) by extensions ['colcon_pkg']
[0.523s] Level 1:colcon.colcon_core.package_identification:_identify(src) by extension 'colcon_pkg'
[0.523s] Level 1:colcon.colcon_core.package_identification:_identify(src) by extensions ['colcon_meta']
[0.523s] Level 1:colcon.colcon_core.package_identification:_identify(src) by extension 'colcon_meta'
[0.523s] Level 1:colcon.colcon_core.package_identification:_identify(src) by extensions ['ros']
[0.523s] Level 1:colcon.colcon_core.package_identification:_identify(src) by extension 'ros'
[0.523s] Level 1:colcon.colcon_core.package_identification:_identify(src) by extensions ['cmake', 'python']
[0.523s] Level 1:colcon.colcon_core.package_identification:_identify(src) by extension 'cmake'
[0.524s] Level 1:colcon.colcon_core.package_identification:_identify(src) by extension 'python'
[0.524s] Level 1:colcon.colcon_core.package_identification:_identify(src) by extensions ['python_setup_py']
[0.524s] Level 1:colcon.colcon_core.package_identification:_identify(src) by extension 'python_setup_py'
[0.524s] Level 1:colcon.colcon_core.package_identification:_identify(src/cv_franka_bridge) by extensions ['ignore', 'ignore_ament_install']
[0.524s] Level 1:colcon.colcon_core.package_identification:_identify(src/cv_franka_bridge) by extension 'ignore'
[0.524s] Level 1:colcon.colcon_core.package_identification:_identify(src/cv_franka_bridge) by extension 'ignore_ament_install'
[0.524s] Level 1:colcon.colcon_core.package_identification:_identify(src/cv_franka_bridge) by extensions ['colcon_pkg']
[0.524s] Level 1:colcon.colcon_core.package_identification:_identify(src/cv_franka_bridge) by extension 'colcon_pkg'
[0.524s] Level 1:colcon.colcon_core.package_identification:_identify(src/cv_franka_bridge) by extensions ['colcon_meta']
[0.524s] Level 1:colcon.colcon_core.package_identification:_identify(src/cv_franka_bridge) by extension 'colcon_meta'
[0.524s] Level 1:colcon.colcon_core.package_identification:_identify(src/cv_franka_bridge) by extensions ['ros']
[0.524s] Level 1:colcon.colcon_core.package_identification:_identify(src/cv_franka_bridge) by extension 'ros'
[0.527s] DEBUG:colcon.colcon_core.package_identification:Package 'src/cv_franka_bridge' with type 'ros.ament_python' and name 'cv_franka_bridge'
[0.527s] Level 1:colcon.colcon_core.package_identification:_identify(src/hand_interfaces) by extensions ['ignore', 'ignore_ament_install']
[0.528s] Level 1:colcon.colcon_core.package_identification:_identify(src/hand_interfaces) by extension 'ignore'
[0.528s] Level 1:colcon.colcon_core.package_identification:_identify(src/hand_interfaces) by extension 'ignore_ament_install'
[0.528s] Level 1:colcon.colcon_core.package_identification:_identify(src/hand_interfaces) by extensions ['colcon_pkg']
[0.528s] Level 1:colcon.colcon_core.package_identification:_identify(src/hand_interfaces) by extension 'colcon_pkg'
[0.528s] Level 1:colcon.colcon_core.package_identification:_identify(src/hand_interfaces) by extensions ['colcon_meta']
[0.528s] Level 1:colcon.colcon_core.package_identification:_identify(src/hand_interfaces) by extension 'colcon_meta'
[0.528s] Level 1:colcon.colcon_core.package_identification:_identify(src/hand_interfaces) by extensions ['ros']
[0.528s] Level 1:colcon.colcon_core.package_identification:_identify(src/hand_interfaces) by extension 'ros'
[0.528s] DEBUG:colcon.colcon_core.package_identification:Package 'src/hand_interfaces' with type 'ros.ament_cmake' and name 'hand_interfaces'
[0.528s] Level 1:colcon.colcon_core.package_identification:_identify(src/handcv) by extensions ['ignore', 'ignore_ament_install']
[0.529s] Level 1:colcon.colcon_core.package_identification:_identify(src/handcv) by extension 'ignore'
[0.529s] Level 1:colcon.colcon_core.package_identification:_identify(src/handcv) by extension 'ignore_ament_install'
[0.529s] Level 1:colcon.colcon_core.package_identification:_identify(src/handcv) by extensions ['colcon_pkg']
[0.529s] Level 1:colcon.colcon_core.package_identification:_identify(src/handcv) by extension 'colcon_pkg'
[0.529s] Level 1:colcon.colcon_core.package_identification:_identify(src/handcv) by extensions ['colcon_meta']
[0.529s] Level 1:colcon.colcon_core.package_identification:_identify(src/handcv) by extension 'colcon_meta'
[0.529s] Level 1:colcon.colcon_core.package_identification:_identify(src/handcv) by extensions ['ros']
[0.529s] Level 1:colcon.colcon_core.package_identification:_identify(src/handcv) by extension 'ros'
[0.529s] DEBUG:colcon.colcon_core.package_identification:Package 'src/handcv' with type 'ros.ament_python' and name 'handcv'
[0.529s] Level 1:colcon.colcon_core.package_discovery:discover_packages(recursive) using defaults
[0.529s] Level 1:colcon.colcon_core.package_discovery:discover_packages(ignore) discover
[0.529s] Level 1:colcon.colcon_core.package_discovery:discover_packages(ignore) using defaults
[0.529s] Level 1:colcon.colcon_core.package_discovery:discover_packages(path) discover
[0.530s] Level 1:colcon.colcon_core.package_discovery:discover_packages(path) using defaults
[0.554s] Level 1:colcon.colcon_core.package_discovery:discover_packages(prefix_path) check parameters
[0.554s] Level 1:colcon.colcon_core.package_discovery:discover_packages(prefix_path) discover
[0.558s] DEBUG:colcon.colcon_installed_package_information.package_discovery:Found 15 installed packages in /home/robot/ros2_ws/install
[0.560s] DEBUG:colcon.colcon_installed_package_information.package_discovery:Found 393 installed packages in /opt/ros/humble
[0.561s] Level 1:colcon.colcon_core.package_discovery:discover_packages(prefix_path) using defaults
[0.621s] Level 5:colcon.colcon_core.verb:set package 'hand_interfaces' build argument 'cmake_args' from command line to 'None'
[0.621s] Level 5:colcon.colcon_core.verb:set package 'hand_interfaces' build argument 'cmake_target' from command line to 'None'
[0.621s] Level 5:colcon.colcon_core.verb:set package 'hand_interfaces' build argument 'cmake_target_skip_unavailable' from command line to 'False'
[0.621s] Level 5:colcon.colcon_core.verb:set package 'hand_interfaces' build argument 'cmake_clean_cache' from command line to 'False'
[0.621s] Level 5:colcon.colcon_core.verb:set package 'hand_interfaces' build argument 'cmake_clean_first' from command line to 'False'
[0.621s] Level 5:colcon.colcon_core.verb:set package 'hand_interfaces' build argument 'cmake_force_configure' from command line to 'False'
[0.621s] Level 5:colcon.colcon_core.verb:set package 'hand_interfaces' build argument 'ament_cmake_args' from command line to 'None'
[0.622s] Level 5:colcon.colcon_core.verb:set package 'hand_interfaces' build argument 'catkin_cmake_args' from command line to 'None'
[0.622s] Level 5:colcon.colcon_core.verb:set package 'hand_interfaces' build argument 'catkin_skip_building_tests' from command line to 'False'
[0.622s] DEBUG:colcon.colcon_core.verb:Building package 'hand_interfaces' with the following arguments: {'ament_cmake_args': None, 'build_base': '/home/robot/Franka_hand_tracking/build/hand_interfaces', 'catkin_cmake_args': None, 'catkin_skip_building_tests': False, 'cmake_args': None, 'cmake_clean_cache': False, 'cmake_clean_first': False, 'cmake_force_configure': False, 'cmake_target': None, 'cmake_target_skip_unavailable': False, 'install_base': '/home/robot/Franka_hand_tracking/install/hand_interfaces', 'merge_install': False, 'path': '/home/robot/Franka_hand_tracking/src/hand_interfaces', 'symlink_install': False, 'test_result_base': None}
[0.622s] Level 5:colcon.colcon_core.verb:set package 'cv_franka_bridge' build argument 'cmake_args' from command line to 'None'
[0.622s] Level 5:colcon.colcon_core.verb:set package 'cv_franka_bridge' build argument 'cmake_target' from command line to 'None'
[0.622s] Level 5:colcon.colcon_core.verb:set package 'cv_franka_bridge' build argument 'cmake_target_skip_unavailable' from command line to 'False'
[0.622s] Level 5:colcon.colcon_core.verb:set package 'cv_franka_bridge' build argument 'cmake_clean_cache' from command line to 'False'
[0.622s] Level 5:colcon.colcon_core.verb:set package 'cv_franka_bridge' build argument 'cmake_clean_first' from command line to 'False'
[0.622s] Level 5:colcon.colcon_core.verb:set package 'cv_franka_bridge' build argument 'cmake_force_configure' from command line to 'False'
[0.622s] Level 5:colcon.colcon_core.verb:set package 'cv_franka_bridge' build argument 'ament_cmake_args' from command line to 'None'
[0.622s] Level 5:colcon.colcon_core.verb:set package 'cv_franka_bridge' build argument 'catkin_cmake_args' from command line to 'None'
[0.622s] Level 5:colcon.colcon_core.verb:set package 'cv_franka_bridge' build argument 'catkin_skip_building_tests' from command line to 'False'
[0.622s] DEBUG:colcon.colcon_core.verb:Building package 'cv_franka_bridge' with the following arguments: {'ament_cmake_args': None, 'build_base': '/home/robot/Franka_hand_tracking/build/cv_franka_bridge', 'catkin_cmake_args': None, 'catkin_skip_building_tests': False, 'cmake_args': None, 'cmake_clean_cache': False, 'cmake_clean_first': False, 'cmake_force_configure': False, 'cmake_target': None, 'cmake_target_skip_unavailable': False, 'install_base': '/home/robot/Franka_hand_tracking/install/cv_franka_bridge', 'merge_install': False, 'path': '/home/robot/Franka_hand_tracking/src/cv_franka_bridge', 'symlink_install': False, 'test_result_base': None}
[0.622s] Level 5:colcon.colcon_core.verb:set package 'handcv' build argument 'cmake_args' from command line to 'None'
[0.622s] Level 5:colcon.colcon_core.verb:set package 'handcv' build argument 'cmake_target' from command line to 'None'
[0.622s] Level 5:colcon.colcon_core.verb:set package 'handcv' build argument 'cmake_target_skip_unavailable' from command line to 'False'
[0.622s] Level 5:colcon.colcon_core.verb:set package 'handcv' build argument 'cmake_clean_cache' from command line to 'False'
[0.622s] Level 5:colcon.colcon_core.verb:set package 'handcv' build argument 'cmake_clean_first' from command line to 'False'
[0.622s] Level 5:colcon.colcon_core.verb:set package 'handcv' build argument 'cmake_force_configure' from command line to 'False'
[0.622s] Level 5:colcon.colcon_core.verb:set package 'handcv' build argument 'ament_cmake_args' from command line to 'None'
[0.623s] Level 5:colcon.colcon_core.verb:set package 'handcv' build argument 'catkin_cmake_args' from command line to 'None'
[0.623s] Level 5:colcon.colcon_core.verb:set package 'handcv' build argument 'catkin_skip_building_tests' from command line to 'False'
[0.623s] DEBUG:colcon.colcon_core.verb:Building package 'handcv' with the following arguments: {'ament_cmake_args': None, 'build_base': '/home/robot/Franka_hand_tracking/build/handcv', 'catkin_cmake_args': None, 'catkin_skip_building_tests': False, 'cmake_args': None, 'cmake_clean_cache': False, 'cmake_clean_first': False, 'cmake_force_configure': False, 'cmake_target': None, 'cmake_target_skip_unavailable': False, 'install_base': '/home/robot/Franka_hand_tracking/install/handcv', 'merge_install': False, 'path': '/home/robot/Franka_hand_tracking/src/handcv', 'symlink_install': False, 'test_result_base': None}
[0.623s] INFO:colcon.colcon_core.executor:Executing jobs using 'parallel' executor
[0.624s] DEBUG:colcon.colcon_parallel_executor.executor.parallel:run_until_complete
[0.624s] INFO:colcon.colcon_ros.task.ament_cmake.build:Building ROS package in '/home/robot/Franka_hand_tracking/src/hand_interfaces' with build type 'ament_cmake'
[0.624s] INFO:colcon.colcon_cmake.task.cmake.build:Building CMake package in '/home/robot/Franka_hand_tracking/src/hand_interfaces'
[0.628s] INFO:colcon.colcon_core.plugin_system:Skipping extension 'colcon_core.shell.bat': Not used on non-Windows systems
[0.628s] INFO:colcon.colcon_core.shell:Skip shell extension 'powershell' for command environment: Not usable outside of PowerShell
[0.628s] DEBUG:colcon.colcon_core.shell:Skip shell extension 'dsv' for command environment
[0.636s] DEBUG:colcon.colcon_core.event_handler.log_command:Invoking command in '/home/robot/Franka_hand_tracking/build/hand_interfaces': CMAKE_PREFIX_PATH=${CMAKE_PREFIX_PATH}:/opt/ros/humble /usr/bin/cmake /home/robot/Franka_hand_tracking/src/hand_interfaces -DCMAKE_INSTALL_PREFIX=/home/robot/Franka_hand_tracking/install/hand_interfaces
[2.861s] DEBUG:colcon.colcon_core.event_handler.log_command:Invoked command in '/home/robot/Franka_hand_tracking/build/hand_interfaces' returned '0': CMAKE_PREFIX_PATH=${CMAKE_PREFIX_PATH}:/opt/ros/humble /usr/bin/cmake /home/robot/Franka_hand_tracking/src/hand_interfaces -DCMAKE_INSTALL_PREFIX=/home/robot/Franka_hand_tracking/install/hand_interfaces
[2.863s] DEBUG:colcon.colcon_core.event_handler.log_command:Invoking command in '/home/robot/Franka_hand_tracking/build/hand_interfaces': CMAKE_PREFIX_PATH=${CMAKE_PREFIX_PATH}:/opt/ros/humble /usr/bin/cmake --build /home/robot/Franka_hand_tracking/build/hand_interfaces -- -j8 -l8
[5.793s] DEBUG:colcon.colcon_core.event_handler.log_command:Invoked command in '/home/robot/Franka_hand_tracking/build/hand_interfaces' returned '0': CMAKE_PREFIX_PATH=${CMAKE_PREFIX_PATH}:/opt/ros/humble /usr/bin/cmake --build /home/robot/Franka_hand_tracking/build/hand_interfaces -- -j8 -l8
[5.802s] DEBUG:colcon.colcon_core.event_handler.log_command:Invoking command in '/home/robot/Franka_hand_tracking/build/hand_interfaces': CMAKE_PREFIX_PATH=${CMAKE_PREFIX_PATH}:/opt/ros/humble /usr/bin/cmake --install /home/robot/Franka_hand_tracking/build/hand_interfaces
[5.871s] Level 1:colcon.colcon_core.environment:create_environment_scripts_only(hand_interfaces)
[5.872s] DEBUG:colcon.colcon_core.event_handler.log_command:Invoked command in '/home/robot/Franka_hand_tracking/build/hand_interfaces' returned '0': CMAKE_PREFIX_PATH=${CMAKE_PREFIX_PATH}:/opt/ros/humble /usr/bin/cmake --install /home/robot/Franka_hand_tracking/build/hand_interfaces
[5.876s] Level 1:colcon.colcon_core.environment:checking '/home/robot/Franka_hand_tracking/install/hand_interfaces' for CMake module files
[5.877s] Level 1:colcon.colcon_core.environment:checking '/home/robot/Franka_hand_tracking/install/hand_interfaces' for CMake config files
[5.877s] Level 1:colcon.colcon_core.shell:create_environment_hook('hand_interfaces', 'cmake_prefix_path')
[5.878s] INFO:colcon.colcon_core.shell:Creating environment hook '/home/robot/Franka_hand_tracking/install/hand_interfaces/share/hand_interfaces/hook/cmake_prefix_path.ps1'
[5.879s] INFO:colcon.colcon_core.shell:Creating environment descriptor '/home/robot/Franka_hand_tracking/install/hand_interfaces/share/hand_interfaces/hook/cmake_prefix_path.dsv'
[5.879s] INFO:colcon.colcon_core.shell:Creating environment hook '/home/robot/Franka_hand_tracking/install/hand_interfaces/share/hand_interfaces/hook/cmake_prefix_path.sh'
[5.881s] Level 1:colcon.colcon_core.environment:checking '/home/robot/Franka_hand_tracking/install/hand_interfaces/lib'
[5.881s] Level 1:colcon.colcon_core.shell:create_environment_hook('hand_interfaces', 'ld_library_path_lib')
[5.881s] INFO:colcon.colcon_core.shell:Creating environment hook '/home/robot/Franka_hand_tracking/install/hand_interfaces/share/hand_interfaces/hook/ld_library_path_lib.ps1'
[5.882s] INFO:colcon.colcon_core.shell:Creating environment descriptor '/home/robot/Franka_hand_tracking/install/hand_interfaces/share/hand_interfaces/hook/ld_library_path_lib.dsv'
[5.882s] INFO:colcon.colcon_core.shell:Creating environment hook '/home/robot/Franka_hand_tracking/install/hand_interfaces/share/hand_interfaces/hook/ld_library_path_lib.sh'
[5.882s] Level 1:colcon.colcon_core.environment:checking '/home/robot/Franka_hand_tracking/install/hand_interfaces/bin'
[5.882s] Level 1:colcon.colcon_core.environment:checking '/home/robot/Franka_hand_tracking/install/hand_interfaces/lib/pkgconfig/hand_interfaces.pc'
[5.883s] Level 1:colcon.colcon_core.environment:checking '/home/robot/Franka_hand_tracking/install/hand_interfaces/lib/python3.10/site-packages'
[5.883s] Level 1:colcon.colcon_core.environment:checking '/home/robot/Franka_hand_tracking/install/hand_interfaces/bin'
[5.884s] INFO:colcon.colcon_core.shell:Creating package script '/home/robot/Franka_hand_tracking/install/hand_interfaces/share/hand_interfaces/package.ps1'
[5.885s] INFO:colcon.colcon_core.shell:Creating package descriptor '/home/robot/Franka_hand_tracking/install/hand_interfaces/share/hand_interfaces/package.dsv'
[5.886s] INFO:colcon.colcon_core.shell:Creating package script '/home/robot/Franka_hand_tracking/install/hand_interfaces/share/hand_interfaces/package.sh'
[5.887s] INFO:colcon.colcon_core.shell:Creating package script '/home/robot/Franka_hand_tracking/install/hand_interfaces/share/hand_interfaces/package.bash'
[5.888s] INFO:colcon.colcon_core.shell:Creating package script '/home/robot/Franka_hand_tracking/install/hand_interfaces/share/hand_interfaces/package.zsh'
[5.889s] Level 1:colcon.colcon_core.environment:create_file_with_runtime_dependencies(/home/robot/Franka_hand_tracking/install/hand_interfaces/share/colcon-core/packages/hand_interfaces)
[5.889s] Level 1:colcon.colcon_core.environment:create_environment_scripts_only(hand_interfaces)
[5.889s] Level 1:colcon.colcon_core.environment:checking '/home/robot/Franka_hand_tracking/install/hand_interfaces' for CMake module files
[5.890s] Level 1:colcon.colcon_core.environment:checking '/home/robot/Franka_hand_tracking/install/hand_interfaces' for CMake config files
[5.890s] Level 1:colcon.colcon_core.shell:create_environment_hook('hand_interfaces', 'cmake_prefix_path')
[5.890s] INFO:colcon.colcon_core.shell:Creating environment hook '/home/robot/Franka_hand_tracking/install/hand_interfaces/share/hand_interfaces/hook/cmake_prefix_path.ps1'
[5.890s] INFO:colcon.colcon_core.shell:Creating environment descriptor '/home/robot/Franka_hand_tracking/install/hand_interfaces/share/hand_interfaces/hook/cmake_prefix_path.dsv'
[5.891s] INFO:colcon.colcon_core.shell:Creating environment hook '/home/robot/Franka_hand_tracking/install/hand_interfaces/share/hand_interfaces/hook/cmake_prefix_path.sh'
[5.891s] Level 1:colcon.colcon_core.environment:checking '/home/robot/Franka_hand_tracking/install/hand_interfaces/lib'
[5.891s] Level 1:colcon.colcon_core.shell:create_environment_hook('hand_interfaces', 'ld_library_path_lib')
[5.891s] INFO:colcon.colcon_core.shell:Creating environment hook '/home/robot/Franka_hand_tracking/install/hand_interfaces/share/hand_interfaces/hook/ld_library_path_lib.ps1'
[5.892s] INFO:colcon.colcon_core.shell:Creating environment descriptor '/home/robot/Franka_hand_tracking/install/hand_interfaces/share/hand_interfaces/hook/ld_library_path_lib.dsv'
[5.892s] INFO:colcon.colcon_core.shell:Creating environment hook '/home/robot/Franka_hand_tracking/install/hand_interfaces/share/hand_interfaces/hook/ld_library_path_lib.sh'
[5.892s] Level 1:colcon.colcon_core.environment:checking '/home/robot/Franka_hand_tracking/install/hand_interfaces/bin'
[5.892s] Level 1:colcon.colcon_core.environment:checking '/home/robot/Franka_hand_tracking/install/hand_interfaces/lib/pkgconfig/hand_interfaces.pc'
[5.893s] Level 1:colcon.colcon_core.environment:checking '/home/robot/Franka_hand_tracking/install/hand_interfaces/lib/python3.10/site-packages'
[5.893s] Level 1:colcon.colcon_core.environment:checking '/home/robot/Franka_hand_tracking/install/hand_interfaces/bin'
[5.893s] INFO:colcon.colcon_core.shell:Creating package script '/home/robot/Franka_hand_tracking/install/hand_interfaces/share/hand_interfaces/package.ps1'
[5.894s] INFO:colcon.colcon_core.shell:Creating package descriptor '/home/robot/Franka_hand_tracking/install/hand_interfaces/share/hand_interfaces/package.dsv'
[5.894s] INFO:colcon.colcon_core.shell:Creating package script '/home/robot/Franka_hand_tracking/install/hand_interfaces/share/hand_interfaces/package.sh'
[5.894s] INFO:colcon.colcon_core.shell:Creating package script '/home/robot/Franka_hand_tracking/install/hand_interfaces/share/hand_interfaces/package.bash'
[5.895s] INFO:colcon.colcon_core.shell:Creating package script '/home/robot/Franka_hand_tracking/install/hand_interfaces/share/hand_interfaces/package.zsh'
[5.895s] Level 1:colcon.colcon_core.environment:create_file_with_runtime_dependencies(/home/robot/Franka_hand_tracking/install/hand_interfaces/share/colcon-core/packages/hand_interfaces)
[5.895s] INFO:colcon.colcon_ros.task.ament_python.build:Building ROS package in '/home/robot/Franka_hand_tracking/src/cv_franka_bridge' with build type 'ament_python'
[5.896s] Level 1:colcon.colcon_core.shell:create_environment_hook('cv_franka_bridge', 'ament_prefix_path')
[5.896s] INFO:colcon.colcon_core.shell:Creating environment hook '/home/robot/Franka_hand_tracking/install/cv_franka_bridge/share/cv_franka_bridge/hook/ament_prefix_path.ps1'
[5.896s] INFO:colcon.colcon_core.shell:Creating environment descriptor '/home/robot/Franka_hand_tracking/install/cv_franka_bridge/share/cv_franka_bridge/hook/ament_prefix_path.dsv'
[5.897s] INFO:colcon.colcon_core.shell:Creating environment hook '/home/robot/Franka_hand_tracking/install/cv_franka_bridge/share/cv_franka_bridge/hook/ament_prefix_path.sh'
[5.897s] INFO:colcon.colcon_core.shell:Skip shell extension 'powershell' for command environment: Not usable outside of PowerShell
[5.897s] DEBUG:colcon.colcon_core.shell:Skip shell extension 'dsv' for command environment
[5.903s] INFO:colcon.colcon_ros.task.ament_python.build:Building ROS package in '/home/robot/Franka_hand_tracking/src/handcv' with build type 'ament_python'
[5.903s] Level 1:colcon.colcon_core.shell:create_environment_hook('handcv', 'ament_prefix_path')
[5.903s] INFO:colcon.colcon_core.shell:Creating environment hook '/home/robot/Franka_hand_tracking/install/handcv/share/handcv/hook/ament_prefix_path.ps1'
[5.904s] INFO:colcon.colcon_core.shell:Creating environment descriptor '/home/robot/Franka_hand_tracking/install/handcv/share/handcv/hook/ament_prefix_path.dsv'
[5.904s] INFO:colcon.colcon_core.shell:Creating environment hook '/home/robot/Franka_hand_tracking/install/handcv/share/handcv/hook/ament_prefix_path.sh'
[5.905s] INFO:colcon.colcon_core.shell:Skip shell extension 'powershell' for command environment: Not usable outside of PowerShell
[5.905s] DEBUG:colcon.colcon_core.shell:Skip shell extension 'dsv' for command environment
[6.196s] INFO:colcon.colcon_core.task.python.build:Building Python package in '/home/robot/Franka_hand_tracking/src/cv_franka_bridge'
[6.197s] INFO:colcon.colcon_core.shell:Skip shell extension 'powershell' for command environment: Not usable outside of PowerShell
[6.197s] DEBUG:colcon.colcon_core.shell:Skip shell extension 'dsv' for command environment
[6.481s] INFO:colcon.colcon_core.task.python.build:Building Python package in '/home/robot/Franka_hand_tracking/src/handcv'
[6.481s] INFO:colcon.colcon_core.shell:Skip shell extension 'powershell' for command environment: Not usable outside of PowerShell
[6.481s] DEBUG:colcon.colcon_core.shell:Skip shell extension 'dsv' for command environment
[6.962s] DEBUG:colcon.colcon_core.event_handler.log_command:Invoking command in '/home/robot/Franka_hand_tracking/src/handcv': AMENT_PREFIX_PATH=/home/robot/Franka_hand_tracking/install/hand_interfaces:${AMENT_PREFIX_PATH} CMAKE_PREFIX_PATH=/home/robot/Franka_hand_tracking/install/hand_interfaces:${CMAKE_PREFIX_PATH} LD_LIBRARY_PATH=/home/robot/Franka_hand_tracking/install/hand_interfaces/lib:${LD_LIBRARY_PATH} PYTHONPATH=/home/robot/Franka_hand_tracking/build/handcv/prefix_override:/usr/lib/python3/dist-packages/colcon_core/task/python/colcon_distutils_commands:/home/robot/Franka_hand_tracking/install/handcv/lib/python3.10/site-packages:/home/robot/Franka_hand_tracking/install/hand_interfaces/local/lib/python3.10/dist-packages:${PYTHONPATH} /usr/bin/python3 -W ignore:setup.py install is deprecated -W ignore:easy_install command is deprecated setup.py egg_info --egg-base ../../build/handcv build --build-base /home/robot/Franka_hand_tracking/build/handcv/build install --record /home/robot/Franka_hand_tracking/build/handcv/install.log --single-version-externally-managed install_data
[6.963s] DEBUG:colcon.colcon_core.event_handler.log_command:Invoking command in '/home/robot/Franka_hand_tracking/src/cv_franka_bridge': AMENT_PREFIX_PATH=/home/robot/Franka_hand_tracking/install/hand_interfaces:${AMENT_PREFIX_PATH} CMAKE_PREFIX_PATH=/home/robot/Franka_hand_tracking/install/hand_interfaces:${CMAKE_PREFIX_PATH} LD_LIBRARY_PATH=/home/robot/Franka_hand_tracking/install/hand_interfaces/lib:${LD_LIBRARY_PATH} PYTHONPATH=/home/robot/Franka_hand_tracking/build/cv_franka_bridge/prefix_override:/usr/lib/python3/dist-packages/colcon_core/task/python/colcon_distutils_commands:/home/robot/Franka_hand_tracking/install/cv_franka_bridge/lib/python3.10/site-packages:/home/robot/Franka_hand_tracking/install/hand_interfaces/local/lib/python3.10/dist-packages:${PYTHONPATH} /usr/bin/python3 -W ignore:setup.py install is deprecated -W ignore:easy_install command is deprecated setup.py egg_info --egg-base ../../build/cv_franka_bridge build --build-base /home/robot/Franka_hand_tracking/build/cv_franka_bridge/build install --record /home/robot/Franka_hand_tracking/build/cv_franka_bridge/install.log --single-version-externally-managed install_data
[7.279s] Level 1:colcon.colcon_core.environment:checking '/home/robot/Franka_hand_tracking/install/cv_franka_bridge' for CMake module files
[7.279s] DEBUG:colcon.colcon_core.event_handler.log_command:Invoked command in '/home/robot/Franka_hand_tracking/src/cv_franka_bridge' returned '0': AMENT_PREFIX_PATH=/home/robot/Franka_hand_tracking/install/hand_interfaces:${AMENT_PREFIX_PATH} CMAKE_PREFIX_PATH=/home/robot/Franka_hand_tracking/install/hand_interfaces:${CMAKE_PREFIX_PATH} LD_LIBRARY_PATH=/home/robot/Franka_hand_tracking/install/hand_interfaces/lib:${LD_LIBRARY_PATH} PYTHONPATH=/home/robot/Franka_hand_tracking/build/cv_franka_bridge/prefix_override:/usr/lib/python3/dist-packages/colcon_core/task/python/colcon_distutils_commands:/home/robot/Franka_hand_tracking/install/cv_franka_bridge/lib/python3.10/site-packages:/home/robot/Franka_hand_tracking/install/hand_interfaces/local/lib/python3.10/dist-packages:${PYTHONPATH} /usr/bin/python3 -W ignore:setup.py install is deprecated -W ignore:easy_install command is deprecated setup.py egg_info --egg-base ../../build/cv_franka_bridge build --build-base /home/robot/Franka_hand_tracking/build/cv_franka_bridge/build install --record /home/robot/Franka_hand_tracking/build/cv_franka_bridge/install.log --single-version-externally-managed install_data
[7.280s] Level 1:colcon.colcon_core.environment:checking '/home/robot/Franka_hand_tracking/install/cv_franka_bridge' for CMake config files
[7.280s] Level 1:colcon.colcon_core.environment:checking '/home/robot/Franka_hand_tracking/install/cv_franka_bridge/lib'
[7.280s] Level 1:colcon.colcon_core.environment:checking '/home/robot/Franka_hand_tracking/install/cv_franka_bridge/bin'
[7.280s] Level 1:colcon.colcon_core.environment:checking '/home/robot/Franka_hand_tracking/install/cv_franka_bridge/lib/pkgconfig/cv_franka_bridge.pc'
[7.281s] Level 1:colcon.colcon_core.environment:checking '/home/robot/Franka_hand_tracking/install/cv_franka_bridge/lib/python3.10/site-packages'
[7.281s] Level 1:colcon.colcon_core.shell:create_environment_hook('cv_franka_bridge', 'pythonpath')
[7.281s] INFO:colcon.colcon_core.shell:Creating environment hook '/home/robot/Franka_hand_tracking/install/cv_franka_bridge/share/cv_franka_bridge/hook/pythonpath.ps1'
[7.282s] INFO:colcon.colcon_core.shell:Creating environment descriptor '/home/robot/Franka_hand_tracking/install/cv_franka_bridge/share/cv_franka_bridge/hook/pythonpath.dsv'
[7.282s] INFO:colcon.colcon_core.shell:Creating environment hook '/home/robot/Franka_hand_tracking/install/cv_franka_bridge/share/cv_franka_bridge/hook/pythonpath.sh'
[7.283s] Level 1:colcon.colcon_core.environment:checking '/home/robot/Franka_hand_tracking/install/cv_franka_bridge/bin'
[7.283s] Level 1:colcon.colcon_core.environment:create_environment_scripts_only(cv_franka_bridge)
[7.284s] INFO:colcon.colcon_core.shell:Creating package script '/home/robot/Franka_hand_tracking/install/cv_franka_bridge/share/cv_franka_bridge/package.ps1'
[7.284s] INFO:colcon.colcon_core.shell:Creating package descriptor '/home/robot/Franka_hand_tracking/install/cv_franka_bridge/share/cv_franka_bridge/package.dsv'
[7.285s] INFO:colcon.colcon_core.shell:Creating package script '/home/robot/Franka_hand_tracking/install/cv_franka_bridge/share/cv_franka_bridge/package.sh'
[7.285s] INFO:colcon.colcon_core.shell:Creating package script '/home/robot/Franka_hand_tracking/install/cv_franka_bridge/share/cv_franka_bridge/package.bash'
[7.285s] INFO:colcon.colcon_core.shell:Creating package script '/home/robot/Franka_hand_tracking/install/cv_franka_bridge/share/cv_franka_bridge/package.zsh'
[7.286s] Level 1:colcon.colcon_core.environment:create_file_with_runtime_dependencies(/home/robot/Franka_hand_tracking/install/cv_franka_bridge/share/colcon-core/packages/cv_franka_bridge)
[7.301s] Level 1:colcon.colcon_core.environment:checking '/home/robot/Franka_hand_tracking/install/handcv' for CMake module files
[7.301s] DEBUG:colcon.colcon_core.event_handler.log_command:Invoked command in '/home/robot/Franka_hand_tracking/src/handcv' returned '0': AMENT_PREFIX_PATH=/home/robot/Franka_hand_tracking/install/hand_interfaces:${AMENT_PREFIX_PATH} CMAKE_PREFIX_PATH=/home/robot/Franka_hand_tracking/install/hand_interfaces:${CMAKE_PREFIX_PATH} LD_LIBRARY_PATH=/home/robot/Franka_hand_tracking/install/hand_interfaces/lib:${LD_LIBRARY_PATH} PYTHONPATH=/home/robot/Franka_hand_tracking/build/handcv/prefix_override:/usr/lib/python3/dist-packages/colcon_core/task/python/colcon_distutils_commands:/home/robot/Franka_hand_tracking/install/handcv/lib/python3.10/site-packages:/home/robot/Franka_hand_tracking/install/hand_interfaces/local/lib/python3.10/dist-packages:${PYTHONPATH} /usr/bin/python3 -W ignore:setup.py install is deprecated -W ignore:easy_install command is deprecated setup.py egg_info --egg-base ../../build/handcv build --build-base /home/robot/Franka_hand_tracking/build/handcv/build install --record /home/robot/Franka_hand_tracking/build/handcv/install.log --single-version-externally-managed install_data
[7.302s] Level 1:colcon.colcon_core.environment:checking '/home/robot/Franka_hand_tracking/install/handcv' for CMake config files
[7.302s] Level 1:colcon.colcon_core.environment:checking '/home/robot/Franka_hand_tracking/install/handcv/lib'
[7.302s] Level 1:colcon.colcon_core.environment:checking '/home/robot/Franka_hand_tracking/install/handcv/bin'
[7.302s] Level 1:colcon.colcon_core.environment:checking '/home/robot/Franka_hand_tracking/install/handcv/lib/pkgconfig/handcv.pc'
[7.303s] Level 1:colcon.colcon_core.environment:checking '/home/robot/Franka_hand_tracking/install/handcv/lib/python3.10/site-packages'
[7.303s] Level 1:colcon.colcon_core.shell:create_environment_hook('handcv', 'pythonpath')
[7.303s] INFO:colcon.colcon_core.shell:Creating environment hook '/home/robot/Franka_hand_tracking/install/handcv/share/handcv/hook/pythonpath.ps1'
[7.303s] INFO:colcon.colcon_core.shell:Creating environment descriptor '/home/robot/Franka_hand_tracking/install/handcv/share/handcv/hook/pythonpath.dsv'
[7.304s] INFO:colcon.colcon_core.shell:Creating environment hook '/home/robot/Franka_hand_tracking/install/handcv/share/handcv/hook/pythonpath.sh'
[7.304s] Level 1:colcon.colcon_core.environment:checking '/home/robot/Franka_hand_tracking/install/handcv/bin'
[7.304s] Level 1:colcon.colcon_core.environment:create_environment_scripts_only(handcv)
[7.305s] INFO:colcon.colcon_core.shell:Creating package script '/home/robot/Franka_hand_tracking/install/handcv/share/handcv/package.ps1'
[7.305s] INFO:colcon.colcon_core.shell:Creating package descriptor '/home/robot/Franka_hand_tracking/install/handcv/share/handcv/package.dsv'
[7.306s] INFO:colcon.colcon_core.shell:Creating package script '/home/robot/Franka_hand_tracking/install/handcv/share/handcv/package.sh'
[7.306s] INFO:colcon.colcon_core.shell:Creating package script '/home/robot/Franka_hand_tracking/install/handcv/share/handcv/package.bash'
[7.307s] INFO:colcon.colcon_core.shell:Creating package script '/home/robot/Franka_hand_tracking/install/handcv/share/handcv/package.zsh'
[7.307s] Level 1:colcon.colcon_core.environment:create_file_with_runtime_dependencies(/home/robot/Franka_hand_tracking/install/handcv/share/colcon-core/packages/handcv)
[7.308s] DEBUG:colcon.colcon_parallel_executor.executor.parallel:closing loop
[7.308s] DEBUG:colcon.colcon_parallel_executor.executor.parallel:loop closed
[7.308s] DEBUG:colcon.colcon_parallel_executor.executor.parallel:run_until_complete finished with '0'
[7.308s] DEBUG:colcon.colcon_core.event_reactor:joining thread
[7.314s] INFO:colcon.colcon_core.plugin_system:Skipping extension 'colcon_notification.desktop_notification.terminal_notifier': Not used on non-Darwin systems
[7.314s] INFO:colcon.colcon_core.plugin_system:Skipping extension 'colcon_notification.desktop_notification.win32': Not used on non-Windows systems
[7.314s] INFO:colcon.colcon_notification.desktop_notification:Sending desktop notification using 'notify2'
[7.324s] DEBUG:colcon.colcon_core.event_reactor:joined thread
[7.325s] INFO:colcon.colcon_core.shell:Creating prefix script '/home/robot/Franka_hand_tracking/install/local_setup.ps1'
[7.326s] INFO:colcon.colcon_core.shell:Creating prefix util module '/home/robot/Franka_hand_tracking/install/_local_setup_util_ps1.py'
[7.327s] INFO:colcon.colcon_core.shell:Creating prefix chain script '/home/robot/Franka_hand_tracking/install/setup.ps1'
[7.329s] INFO:colcon.colcon_core.shell:Creating prefix script '/home/robot/Franka_hand_tracking/install/local_setup.sh'
[7.330s] INFO:colcon.colcon_core.shell:Creating prefix util module '/home/robot/Franka_hand_tracking/install/_local_setup_util_sh.py'
[7.330s] INFO:colcon.colcon_core.shell:Creating prefix chain script '/home/robot/Franka_hand_tracking/install/setup.sh'
[7.333s] INFO:colcon.colcon_core.shell:Creating prefix script '/home/robot/Franka_hand_tracking/install/local_setup.bash'
[7.334s] INFO:colcon.colcon_core.shell:Creating prefix chain script '/home/robot/Franka_hand_tracking/install/setup.bash'
[7.337s] INFO:colcon.colcon_core.shell:Creating prefix script '/home/robot/Franka_hand_tracking/install/local_setup.zsh'
[7.338s] INFO:colcon.colcon_core.shell:Creating prefix chain script '/home/robot/Franka_hand_tracking/install/setup.zsh'
