/home/robot/Franka_hand_tracking/install/handcv/lib/python3.10/site-packages/handcv/handcv.py
/home/robot/Franka_hand_tracking/install/handcv/lib/python3.10/site-packages/handcv/mediapipehelper.py
/home/robot/Franka_hand_tracking/install/handcv/lib/python3.10/site-packages/handcv/__init__.py
/home/robot/Franka_hand_tracking/install/handcv/lib/python3.10/site-packages/handcv/__pycache__/handcv.cpython-310.pyc
/home/robot/Franka_hand_tracking/install/handcv/lib/python3.10/site-packages/handcv/__pycache__/mediapipehelper.cpython-310.pyc
/home/robot/Franka_hand_tracking/install/handcv/lib/python3.10/site-packages/handcv/__pycache__/__init__.cpython-310.pyc
/home/robot/Franka_hand_tracking/install/handcv/share/ament_index/resource_index/packages/handcv
/home/robot/Franka_hand_tracking/install/handcv/share/handcv/package.xml
/home/robot/Franka_hand_tracking/install/handcv/share/handcv/config/handcv.rviz
/home/robot/Franka_hand_tracking/install/handcv/share/handcv/config/hand_landmarker.task
/home/robot/Franka_hand_tracking/install/handcv/share/handcv/config/gesture_recognizer.task
/home/robot/Franka_hand_tracking/install/handcv/share/handcv/config/high_density_preset.json
/home/robot/Franka_hand_tracking/install/handcv/share/handcv/launch/camera.launch.py
/home/robot/Franka_hand_tracking/install/handcv/lib/python3.10/site-packages/handcv-0.0.1-py3.10.egg-info/entry_points.txt
/home/robot/Franka_hand_tracking/install/handcv/lib/python3.10/site-packages/handcv-0.0.1-py3.10.egg-info/zip-safe
/home/robot/Franka_hand_tracking/install/handcv/lib/python3.10/site-packages/handcv-0.0.1-py3.10.egg-info/requires.txt
/home/robot/Franka_hand_tracking/install/handcv/lib/python3.10/site-packages/handcv-0.0.1-py3.10.egg-info/top_level.txt
/home/robot/Franka_hand_tracking/install/handcv/lib/python3.10/site-packages/handcv-0.0.1-py3.10.egg-info/SOURCES.txt
/home/robot/Franka_hand_tracking/install/handcv/lib/python3.10/site-packages/handcv-0.0.1-py3.10.egg-info/dependency_links.txt
/home/robot/Franka_hand_tracking/install/handcv/lib/python3.10/site-packages/handcv-0.0.1-py3.10.egg-info/PKG-INFO
/home/robot/Franka_hand_tracking/install/handcv/lib/handcv/handcv
